-------------------------------------------------------------------------------
Test set: kz.iitu.ioc.IocApplicationTests
-------------------------------------------------------------------------------
Tests run: 1, Failures: 0, Errors: 1, Skipped: 0, Time elapsed: 1.376 s <<< FAILURE! - in kz.iitu.ioc.IocApplicationTests
kz.iitu.ioc.IocApplicationTests  Time elapsed: 1.371 s  <<< ERROR!
java.lang.IllegalStateException: Unable to find a @SpringBootConfiguration, you need to use @ContextConfiguration or @SpringBootTest(classes=...) with your test

