<?xml version="1.0" encoding="UTF-8"?>
<testsuite xmlns:xsi="http://www.w3.org/2001/XMLSchema-instance" xsi:noNamespaceSchemaLocation="https://maven.apache.org/surefire/maven-surefire-plugin/xsd/surefire-test-report.xsd" name="kz.iitu.ioc.IocApplicationTests" time="1.376" tests="1" errors="1" skipped="0" failures="0">
  <properties>
[...]
</properties>
  <testcase name="kz.iitu.ioc.IocApplicationTests" classname="kz.iitu.ioc.IocApplicationTests" time="1.371">
    <error message="Unable to find a @SpringBootConfiguration, you need to use @ContextConfiguration or @SpringBootTest(classes=...) with your test" type="java.lang.IllegalStateException">java.lang.IllegalStateException: Unable to find a @SpringBootConfiguration, you need to use @ContextConfiguration or @SpringBootTest(classes=...) with your test
</error>
    <system-out><![CDATA[15:40:19.843 [main] DEBUG org.springframework.test.context.BootstrapUtils - Instantiating CacheAwareContextLoaderDelegate from class [org.springframework.test.context.cache.DefaultCacheAwareContextLoaderDelegate]
15:40:19.865 [main] DEBUG org.springframework.test.context.BootstrapUtils - Instantiating BootstrapContext using constructor [public org.springframework.test.context.support.DefaultBootstrapContext(java.lang.Class,org.springframework.test.context.CacheAwareContextLoaderDelegate)]
15:40:19.975 [main] DEBUG org.springframework.test.context.BootstrapUtils - Instantiating TestContextBootstrapper for test class [kz.iitu.ioc.IocApplicationTests] from class [org.springframework.boot.test.context.SpringBootTestContextBootstrapper]
15:40:20.001 [main] INFO org.springframework.boot.test.context.SpringBootTestContextBootstrapper - Neither @ContextConfiguration nor @ContextHierarchy found for test class [kz.iitu.ioc.IocApplicationTests], using SpringBootContextLoader
15:40:20.013 [main] DEBUG org.springframework.test.context.support.AbstractContextLoader - Did not detect default resource location for test class [kz.iitu.ioc.IocApplicationTests]: class path resource [kz/iitu/ioc/IocApplicationTests-context.xml] does not exist
15:40:20.016 [main] DEBUG org.springframework.test.context.support.AbstractContextLoader - Did not detect default resource location for test class [kz.iitu.ioc.IocApplicationTests]: class path resource [kz/iitu/ioc/IocApplicationTestsContext.groovy] does not exist
15:40:20.017 [main] INFO org.springframework.test.context.support.AbstractContextLoader - Could not detect default resource locations for test class [kz.iitu.ioc.IocApplicationTests]: no resource found for suffixes {-context.xml, Context.groovy}.
15:40:20.028 [main] INFO org.springframework.test.context.support.AnnotationConfigContextLoaderUtils - Could not detect default configuration classes for test class [kz.iitu.ioc.IocApplicationTests]: IocApplicationTests does not declare any static, non-private, non-final, nested classes annotated with @Configuration.
15:40:20.392 [main] DEBUG org.springframework.test.context.support.ActiveProfilesUtils - Could not find an 'annotation declaring class' for annotation type [org.springframework.test.context.ActiveProfiles] and class [kz.iitu.ioc.IocApplicationTests]
15:40:20.633 [main] DEBUG org.springframework.test.context.BootstrapUtils - Instantiating CacheAwareContextLoaderDelegate from class [org.springframework.test.context.cache.DefaultCacheAwareContextLoaderDelegate]
15:40:20.634 [main] DEBUG org.springframework.test.context.BootstrapUtils - Instantiating BootstrapContext using constructor [public org.springframework.test.context.support.DefaultBootstrapContext(java.lang.Class,org.springframework.test.context.CacheAwareContextLoaderDelegate)]
15:40:20.640 [main] DEBUG org.springframework.test.context.BootstrapUtils - Instantiating TestContextBootstrapper for test class [kz.iitu.ioc.IocApplicationTests] from class [org.springframework.boot.test.context.SpringBootTestContextBootstrapper]
15:40:20.641 [main] INFO org.springframework.boot.test.context.SpringBootTestContextBootstrapper - Neither @ContextConfiguration nor @ContextHierarchy found for test class [kz.iitu.ioc.IocApplicationTests], using SpringBootContextLoader
15:40:20.642 [main] DEBUG org.springframework.test.context.support.AbstractContextLoader - Did not detect default resource location for test class [kz.iitu.ioc.IocApplicationTests]: class path resource [kz/iitu/ioc/IocApplicationTests-context.xml] does not exist
15:40:20.643 [main] DEBUG org.springframework.test.context.support.AbstractContextLoader - Did not detect default resource location for test class [kz.iitu.ioc.IocApplicationTests]: class path resource [kz/iitu/ioc/IocApplicationTestsContext.groovy] does not exist
15:40:20.643 [main] INFO org.springframework.test.context.support.AbstractContextLoader - Could not detect default resource locations for test class [kz.iitu.ioc.IocApplicationTests]: no resource found for suffixes {-context.xml, Context.groovy}.
15:40:20.645 [main] INFO org.springframework.test.context.support.AnnotationConfigContextLoaderUtils - Could not detect default configuration classes for test class [kz.iitu.ioc.IocApplicationTests]: IocApplicationTests does not declare any static, non-private, non-final, nested classes annotated with @Configuration.
15:40:20.654 [main] DEBUG org.springframework.test.context.support.ActiveProfilesUtils - Could not find an 'annotation declaring class' for annotation type [org.springframework.test.context.ActiveProfiles] and class [kz.iitu.ioc.IocApplicationTests]
15:40:20.775 [main] DEBUG org.springframework.test.context.BootstrapUtils - Instantiating CacheAwareContextLoaderDelegate from class [org.springframework.test.context.cache.DefaultCacheAwareContextLoaderDelegate]
15:40:20.778 [main] DEBUG org.springframework.test.context.BootstrapUtils - Instantiating BootstrapContext using constructor [public org.springframework.test.context.support.DefaultBootstrapContext(java.lang.Class,org.springframework.test.context.CacheAwareContextLoaderDelegate)]
15:40:20.787 [main] DEBUG org.springframework.test.context.BootstrapUtils - Instantiating TestContextBootstrapper for test class [kz.iitu.ioc.IocApplicationTests] from class [org.springframework.boot.test.context.SpringBootTestContextBootstrapper]
15:40:20.790 [main] INFO org.springframework.boot.test.context.SpringBootTestContextBootstrapper - Neither @ContextConfiguration nor @ContextHierarchy found for test class [kz.iitu.ioc.IocApplicationTests], using SpringBootContextLoader
15:40:20.791 [main] DEBUG org.springframework.test.context.support.AbstractContextLoader - Did not detect default resource location for test class [kz.iitu.ioc.IocApplicationTests]: class path resource [kz/iitu/ioc/IocApplicationTests-context.xml] does not exist
15:40:20.793 [main] DEBUG org.springframework.test.context.support.AbstractContextLoader - Did not detect default resource location for test class [kz.iitu.ioc.IocApplicationTests]: class path resource [kz/iitu/ioc/IocApplicationTestsContext.groovy] does not exist
15:40:20.794 [main] INFO org.springframework.test.context.support.AbstractContextLoader - Could not detect default resource locations for test class [kz.iitu.ioc.IocApplicationTests]: no resource found for suffixes {-context.xml, Context.groovy}.
15:40:20.796 [main] INFO org.springframework.test.context.support.AnnotationConfigContextLoaderUtils - Could not detect default configuration classes for test class [kz.iitu.ioc.IocApplicationTests]: IocApplicationTests does not declare any static, non-private, non-final, nested classes annotated with @Configuration.
15:40:20.808 [main] DEBUG org.springframework.test.context.support.ActiveProfilesUtils - Could not find an 'annotation declaring class' for annotation type [org.springframework.test.context.ActiveProfiles] and class [kz.iitu.ioc.IocApplicationTests]
]]></system-out>
  </testcase>
</testsuite>